0 info it worked if it ends with ok
1 verbose cli [ '/usr/local/bin/node',
1 verbose cli   '/usr/local/bin/npm',
1 verbose cli   'install',
1 verbose cli   '[https://github.com/partageit/markdown-to-slides]',
1 verbose cli   '-g' ]
2 info using npm@3.10.3
3 info using node@v6.5.0
4 silly loadCurrentTree Starting
5 silly install loadCurrentTree
6 silly install readGlobalPackageData
7 silly fetchPackageMetaData [https://github.com/partageit/markdown-to-slides]
8 silly fetchOtherPackageData [https://github.com/partageit/markdown-to-slides]
9 silly cache add args [ '[https://github.com/partageit/markdown-to-slides]', null ]
10 verbose cache add spec [https://github.com/partageit/markdown-to-slides]
11 silly cache add parsed spec Result {
11 silly cache add   raw: '[https://github.com/partageit/markdown-to-slides]',
11 silly cache add   scope: null,
11 silly cache add   escapedName: null,
11 silly cache add   name: null,
11 silly cache add   rawSpec: '[https://github.com/partageit/markdown-to-slides]',
11 silly cache add   spec: '/Users/robinboast/UvA_Teaching/Media_and_Information/2016-2017_Teaching/MA-Archival-and-Information-Studies/Information-Analytics-&-Digital-Humanities/Introduction/[https:/github.com/partageit/markdown-to-slides]',
11 silly cache add   type: 'local' }
12 error addLocal Could not install /Users/robinboast/UvA_Teaching/Media_and_Information/2016-2017_Teaching/MA-Archival-and-Information-Studies/Information-Analytics-&-Digital-Humanities/Introduction/[https:/github.com/partageit/markdown-to-slides]
13 silly fetchPackageMetaData Error: ENOENT: no such file or directory, open '/Users/robinboast/UvA_Teaching/Media_and_Information/2016-2017_Teaching/MA-Archival-and-Information-Studies/Information-Analytics-&-Digital-Humanities/Introduction/[https:/github.com/partageit/markdown-to-slides]'
13 silly fetchPackageMetaData     at Error (native)
13 silly fetchPackageMetaData  error for [https://github.com/partageit/markdown-to-slides] { Error: ENOENT: no such file or directory, open '/Users/robinboast/UvA_Teaching/Media_and_Information/2016-2017_Teaching/MA-Archival-and-Information-Studies/Information-Analytics-&-Digital-Humanities/Introduction/[https:/github.com/partageit/markdown-to-slides]'
13 silly fetchPackageMetaData     at Error (native)
13 silly fetchPackageMetaData   errno: -2,
13 silly fetchPackageMetaData   code: 'ENOENT',
13 silly fetchPackageMetaData   syscall: 'open',
13 silly fetchPackageMetaData   path: '/Users/robinboast/UvA_Teaching/Media_and_Information/2016-2017_Teaching/MA-Archival-and-Information-Studies/Information-Analytics-&-Digital-Humanities/Introduction/[https:/github.com/partageit/markdown-to-slides]' }
14 silly rollbackFailedOptional Starting
15 silly rollbackFailedOptional Finishing
16 silly runTopLevelLifecycles Starting
17 silly runTopLevelLifecycles Finishing
18 silly install printInstalled
19 verbose stack Error: ENOENT: no such file or directory, open '/Users/robinboast/UvA_Teaching/Media_and_Information/2016-2017_Teaching/MA-Archival-and-Information-Studies/Information-Analytics-&-Digital-Humanities/Introduction/[https:/github.com/partageit/markdown-to-slides]'
19 verbose stack     at Error (native)
20 verbose cwd /Users/robinboast/UvA_Teaching/Media_and_Information/2016-2017_Teaching/MA-Archival-and-Information-Studies/Information-Analytics-&-Digital-Humanities/Introduction
21 error Darwin 16.1.0
22 error argv "/usr/local/bin/node" "/usr/local/bin/npm" "install" "[https://github.com/partageit/markdown-to-slides]" "-g"
23 error node v6.5.0
24 error npm  v3.10.3
25 error path /Users/robinboast/UvA_Teaching/Media_and_Information/2016-2017_Teaching/MA-Archival-and-Information-Studies/Information-Analytics-&-Digital-Humanities/Introduction/[https:/github.com/partageit/markdown-to-slides]
26 error code ENOENT
27 error errno -2
28 error syscall open
29 error enoent ENOENT: no such file or directory, open '/Users/robinboast/UvA_Teaching/Media_and_Information/2016-2017_Teaching/MA-Archival-and-Information-Studies/Information-Analytics-&-Digital-Humanities/Introduction/[https:/github.com/partageit/markdown-to-slides]'
30 error enoent ENOENT: no such file or directory, open '/Users/robinboast/UvA_Teaching/Media_and_Information/2016-2017_Teaching/MA-Archival-and-Information-Studies/Information-Analytics-&-Digital-Humanities/Introduction/[https:/github.com/partageit/markdown-to-slides]'
30 error enoent This is most likely not a problem with npm itself
30 error enoent and is related to npm not being able to find a file.
31 verbose exit [ -2, true ]
